npm warn Unknown project config "shamhoist". This will stop working in the next major version of npm.
npm warn Unknown project config "strict-peer-dependencies". This will stop working in the next major version of npm.

> compufest2026-website@0.1.0 build
> next build

▲ Next.js 16.2.1 (Turbopack)
- Environments: .env.local
- Experiments (use with caution):
  ✓ optimizeCss
  · optimizePackageImports

⚠ The "middleware" file convention is deprecated. Please use "proxy" instead. Learn more: https://nextjs.org/docs/messages/middleware-to-proxy
  Creating an optimized production build ...
✓ Compiled successfully in 6.4s
  Running TypeScript ...
  Finished TypeScript in 7.0s ...
  Collecting page data using 7 workers ...
  Generating static pages using 7 workers (0/6) ...
  Generating static pages using 7 workers (1/6) 
  Generating static pages using 7 workers (2/6) 
  Generating static pages using 7 workers (4/6) 
✓ Generating static pages using 7 workers (6/6) in 328ms
  Finalizing page optimization ...

Route (app)
┌ ○ /_not-found
├ ƒ /[[...slug]]
├ ○ /dev/contador
├ ○ /dev/pruebaconfeti
└ ○ /sitemap.xml


ƒ Proxy (Middleware)

○  (Static)   prerendered as static content
ƒ  (Dynamic)  server-rendered on demand

